[11-May-2025 14:08:35 Asia/Manila] PHP Warning:  Undefined variable $user_type in C:\xampp\htdocs\sit-in-monitoring-system\auth\login.php on line 447
[11-May-2025 14:08:39 Asia/Manila] PHP Warning:  Undefined variable $user_type in C:\xampp\htdocs\sit-in-monitoring-system\auth\login.php on line 447
[11-May-2025 14:13:55 Asia/Manila] PHP Warning:  mysqli_connect(): (HY000/1049): Unknown database 'reservation' in C:\xampp\htdocs\sit-in-monitoring-system\backend\database_connection.php on line 25
[11-May-2025 14:14:17 Asia/Manila] PHP Warning:  mysqli_connect(): (HY000/1049): Unknown database 'reservation' in C:\xampp\htdocs\sit-in-monitoring-system\backend\database_connection.php on line 25
[11-May-2025 14:17:03 Asia/Manila] PHP Warning:  Undefined variable $conn in C:\xampp\htdocs\sit-in-monitoring-system\auth\login.php on line 35
[11-May-2025 14:17:03 Asia/Manila] PHP Fatal error:  Uncaught Error: Call to a member function prepare() on null in C:\xampp\htdocs\sit-in-monitoring-system\auth\login.php:35
Stack trace:
#0 {main}
  thrown in C:\xampp\htdocs\sit-in-monitoring-system\auth\login.php on line 35
[11-May-2025 14:17:08 Asia/Manila] PHP Warning:  Undefined variable $conn in C:\xampp\htdocs\sit-in-monitoring-system\auth\login.php on line 35
[11-May-2025 14:17:08 Asia/Manila] PHP Fatal error:  Uncaught Error: Call to a member function prepare() on null in C:\xampp\htdocs\sit-in-monitoring-system\auth\login.php:35
Stack trace:
#0 {main}
  thrown in C:\xampp\htdocs\sit-in-monitoring-system\auth\login.php on line 35
[11-May-2025 14:17:14 Asia/Manila] PHP Warning:  mysqli_connect(): (HY000/1049): Unknown database 'reservation' in C:\xampp\htdocs\sit-in-monitoring-system\backend\database_connection.php on line 25
[11-May-2025 14:17:36 Asia/Manila] PHP Warning:  Undefined variable $conn in C:\xampp\htdocs\sit-in-monitoring-system\auth\login.php on line 35
[11-May-2025 14:17:36 Asia/Manila] PHP Fatal error:  Uncaught Error: Call to a member function prepare() on null in C:\xampp\htdocs\sit-in-monitoring-system\auth\login.php:35
Stack trace:
#0 {main}
  thrown in C:\xampp\htdocs\sit-in-monitoring-system\auth\login.php on line 35
[11-May-2025 14:18:05 Asia/Manila] PHP Warning:  Undefined variable $conn in C:\xampp\htdocs\sit-in-monitoring-system\auth\login.php on line 35
[11-May-2025 14:18:05 Asia/Manila] PHP Fatal error:  Uncaught Error: Call to a member function prepare() on null in C:\xampp\htdocs\sit-in-monitoring-system\auth\login.php:35
Stack trace:
#0 {main}
  thrown in C:\xampp\htdocs\sit-in-monitoring-system\auth\login.php on line 35
[11-May-2025 14:18:20 Asia/Manila] PHP Warning:  Undefined variable $conn in C:\xampp\htdocs\sit-in-monitoring-system\auth\login.php on line 35
[11-May-2025 14:18:20 Asia/Manila] PHP Fatal error:  Uncaught Error: Call to a member function prepare() on null in C:\xampp\htdocs\sit-in-monitoring-system\auth\login.php:35
Stack trace:
#0 {main}
  thrown in C:\xampp\htdocs\sit-in-monitoring-system\auth\login.php on line 35
[11-May-2025 14:18:36 Asia/Manila] PHP Warning:  mysqli_connect(): (HY000/1049): Unknown database 'reservation' in C:\xampp\htdocs\sit-in-monitoring-system\backend\database_connection.php on line 25
[11-May-2025 14:19:01 Asia/Manila] PHP Warning:  mysqli_connect(): (HY000/1049): Unknown database 'reservation' in C:\xampp\htdocs\sit-in-monitoring-system\backend\database_connection.php on line 25
[11-May-2025 14:19:03 Asia/Manila] PHP Warning:  mysqli_connect(): (HY000/1049): Unknown database 'reservation' in C:\xampp\htdocs\sit-in-monitoring-system\backend\database_connection.php on line 25
[11-May-2025 14:19:03 Asia/Manila] PHP Warning:  mysqli_connect(): (HY000/1049): Unknown database 'reservation' in C:\xampp\htdocs\sit-in-monitoring-system\backend\database_connection.php on line 25
[11-May-2025 14:19:05 Asia/Manila] PHP Warning:  mysqli_connect(): (HY000/1049): Unknown database 'reservation' in C:\xampp\htdocs\sit-in-monitoring-system\backend\database_connection.php on line 25
[11-May-2025 14:19:15 Asia/Manila] PHP Warning:  mysqli_connect(): (HY000/1049): Unknown database 'reservation' in C:\xampp\htdocs\sit-in-monitoring-system\backend\database_connection.php on line 25
[11-May-2025 14:19:16 Asia/Manila] PHP Warning:  mysqli_connect(): (HY000/1049): Unknown database 'reservation' in C:\xampp\htdocs\sit-in-monitoring-system\backend\database_connection.php on line 25
[11-May-2025 14:19:16 Asia/Manila] PHP Warning:  mysqli_connect(): (HY000/1049): Unknown database 'reservation' in C:\xampp\htdocs\sit-in-monitoring-system\backend\database_connection.php on line 25
